Expecting ',' delimiter: line 2 column 1 (char 99)
Expecting property name enclosed in double quotes: line 1 column 40 (char 39)
Expecting value: line 1 column 88 (char 87)
Expecting ',' delimiter: line 2 column 1 (char 99)
Expecting property name enclosed in double quotes: line 1 column 40 (char 39)
Expecting value: line 1 column 88 (char 87)
Expecting ',' delimiter: line 2 column 1 (char 99)
Expecting property name enclosed in double quotes: line 1 column 40 (char 39)
Expecting value: line 1 column 88 (char 87)
Expecting ',' delimiter: line 2 column 1 (char 99)
Expecting property name enclosed in double quotes: line 1 column 40 (char 39)
Expecting value: line 1 column 88 (char 87)
Expecting ',' delimiter: line 2 column 1 (char 99)
Expecting property name enclosed in double quotes: line 1 column 40 (char 39)
Expecting value: line 1 column 88 (char 87)
Expecting ',' delimiter: line 2 column 1 (char 99)
Expecting property name enclosed in double quotes: line 1 column 40 (char 39)
Expecting value: line 1 column 88 (char 87)
[fecha_hora.strftime('%Y-%m-%d_%H:%M:%S')] Expecting ',' delimiter: line 2 column 1 (char 99)
[fecha_hora.strftime('%Y-%m-%d_%H:%M:%S')] Expecting property name enclosed in double quotes: line 1 column 40 (char 39)
[fecha_hora.strftime('%Y-%m-%d_%H:%M:%S')] Expecting value: line 1 column 88 (char 87)
[2024-04-23_12:36:13] Expecting ',' delimiter: line 2 column 1 (char 99)
[2024-04-23_12:36:13] Expecting property name enclosed in double quotes: line 1 column 40 (char 39)
[2024-04-23_12:36:13] Expecting value: line 1 column 88 (char 87)
[2024-04-23_12:38:46] Expecting ',' delimiter: line 2 column 1 (char 99)
[2024-04-23_12:38:46] Expecting property name enclosed in double quotes: line 1 column 40 (char 39)
[2024-04-23_12:38:46] Expecting value: line 1 column 88 (char 87)
[2024-04-23_12:39:55] Expecting ',' delimiter: line 2 column 1 (char 99)
[2024-04-23_12:39:55] Expecting property name enclosed in double quotes: line 1 column 40 (char 39)
[2024-04-23_12:39:55] Expecting value: line 1 column 88 (char 87)
[2024-04-23_12:42:09] Expecting ',' delimiter: line 2 column 1 (char 99)
[2024-04-23_12:42:09] Expecting property name enclosed in double quotes: line 1 column 40 (char 39)
[2024-04-23_12:42:09] Expecting value: line 1 column 88 (char 87)
